<?xml version="1.0" encoding="UTF-8"?>
<!-- Generated by org.testng.reporters.JUnitReportReporter -->
<testsuite hostname="IndrajitKapare" failures="0" tests="1" name="testCases.TC002_LoginTest" time="1.705" errors="0" timestamp="2025-05-14T22:59:55 IST" skipped="0">
  <testcase classname="testCases.TC002_LoginTest" name="verify_Login" time="1.705"/>
</testsuite> <!-- testCases.TC002_LoginTest -->
