<?xml version="1.0" encoding="UTF-8"?>
<!-- Generated by org.testng.reporters.JUnitReportReporter -->
<testsuite hostname="IndrajitKapare" failures="0" tests="1" name="testCases.TC002_LoginTest" time="2.053" errors="0" timestamp="2025-02-09T16:32:20 IST" skipped="0">
  <testcase classname="testCases.TC002_LoginTest" name="verify_Login" time="2.053"/>
</testsuite> <!-- testCases.TC002_LoginTest -->
