<?xml version="1.0" encoding="UTF-8"?>
<!-- Generated by org.testng.reporters.JUnitReportReporter -->
<testsuite hostname="IndrajitKapare" failures="0" tests="1" name="testCases.TC001_AccountRegistrationTest" time="14.042" errors="0" timestamp="2025-05-14T22:59:55 IST" skipped="0">
  <testcase classname="testCases.TC001_AccountRegistrationTest" name="verifyAccountRegistration" time="14.042"/>
</testsuite> <!-- testCases.TC001_AccountRegistrationTest -->
