<?xml version="1.0" encoding="UTF-8"?>
<!-- Generated by org.testng.reporters.JUnitReportReporter -->
<testsuite hostname="IndrajitKapare" failures="0" tests="1" name="testCases.TC001_AccountRegistrationTest" time="2.211" errors="0" timestamp="2025-02-09T16:32:20 IST" skipped="0">
  <testcase classname="testCases.TC001_AccountRegistrationTest" name="verifyAccountRegistration" time="2.211"/>
</testsuite> <!-- testCases.TC001_AccountRegistrationTest -->
